# JRE version: Java(TM) SE Runtime Environment (8.0_102-b14) (build 1.8.0_102-b14)
# Java VM: Java HotSpot(TM) Client VM (25.102-b14 mixed mode windows-x86 )
Heap:
 def new generation   total 4992K, used 4558K [0x05200000, 0x05760000, 0x0a750000)
  eden space 4480K, 100% used [0x05200000, 0x05660000, 0x05660000)
  from space 512K,  15% used [0x05660000, 0x05673960, 0x056e0000)
  to   space 512K,   2% used [0x056e0000, 0x056e30a0, 0x05760000)
 tenured generation   total 10944K, used 5565K [0x0a750000, 0x0b200000, 0x15200000)
   the space 10944K,  50% used [0x0a750000, 0x0acbf6c8, 0x0acbf800, 0x0b200000)
 Metaspace       used 8063K, capacity 8225K, committed 8320K, reserved 8576K
GC Heap History (10 events):
Event: 2.342 GC heap after
Heap after GC invocations=30 (full 3):
 def new generation   total 4992K, used 9K [0x05200000, 0x05760000, 0x0a750000)
  eden space 4480K,   0% used [0x05200000, 0x05200000, 0x05660000)
  from space 512K,   1% used [0x05660000, 0x05662498, 0x056e0000)
  to   space 512K,   0% used [0x056e0000, 0x056e0000, 0x05760000)
 tenured generation   total 10944K, used 9036K [0x0a750000, 0x0b200000, 0x15200000)
   the space 10944K,  82% used [0x0a750000, 0x0b023378, 0x0b023400, 0x0b200000)
 Metaspace       used 7765K, capacity 7963K, committed 8064K, reserved 8576K
}
Event: 2.457 GC heap before
{Heap before GC invocations=30 (full 3):
 def new generation   total 4992K, used 4193K [0x05200000, 0x05760000, 0x0a750000)
  eden space 4480K,  93% used [0x05200000, 0x05616110, 0x05660000)
  from space 512K,   1% used [0x05660000, 0x05662498, 0x056e0000)
  to   space 512K,   0% used [0x056e0000, 0x056e0000, 0x05760000)
 tenured generation   total 10944K, used 9036K [0x0a750000, 0x0b200000, 0x15200000)
   the space 10944K,  82% used [0x0a750000, 0x0b023378, 0x0b023400, 0x0b200000)
 Metaspace       used 7765K, capacity 7963K, committed 8064K, reserved 8576K
Event: 2.459 GC heap after
Heap after GC invocations=31 (full 3):
 def new generation   total 4992K, used 37K [0x05200000, 0x05760000, 0x0a750000)
  eden space 4480K,   0% used [0x05200000, 0x05200000, 0x05660000)
  from space 512K,   7% used [0x056e0000, 0x056e97b0, 0x05760000)
  to   space 512K,   0% used [0x05660000, 0x05660000, 0x056e0000)
 tenured generation   total 10944K, used 9036K [0x0a750000, 0x0b200000, 0x15200000)
   the space 10944K,  82% used [0x0a750000, 0x0b023378, 0x0b023400, 0x0b200000)
 Metaspace       used 7765K, capacity 7963K, committed 8064K, reserved 8576K
}
Event: 2.486 GC heap before
{Heap before GC invocations=31 (full 3):
 def new generation   total 4992K, used 4515K [0x05200000, 0x05760000, 0x0a750000)
  eden space 4480K,  99% used [0x05200000, 0x0565f4d8, 0x05660000)
  from space 512K,   7% used [0x056e0000, 0x056e97b0, 0x05760000)
  to   space 512K,   0% used [0x05660000, 0x05660000, 0x056e0000)
 tenured generation   total 10944K, used 9036K [0x0a750000, 0x0b200000, 0x15200000)
   the space 10944K,  82% used [0x0a750000, 0x0b023378, 0x0b023400, 0x0b200000)
 Metaspace       used 7765K, capacity 7963K, committed 8064K, reserved 8576K
Event: 2.499 GC heap after
Heap after GC invocations=32 (full 4):
 def new generation   total 4992K, used 0K [0x05200000, 0x05760000, 0x0a750000)
  eden space 4480K,   0% used [0x05200000, 0x05200000, 0x05660000)
  from space 512K,   0% used [0x05660000, 0x05660000, 0x056e0000)
  to   space 512K,   0% used [0x056e0000, 0x056e0000, 0x05760000)
 tenured generation   total 10944K, used 5565K [0x0a750000, 0x0b200000, 0x15200000)
   the space 10944K,  50% used [0x0a750000, 0x0acbf6c8, 0x0acbf800, 0x0b200000)
 Metaspace       used 7765K, capacity 7963K, committed 8064K, reserved 8576K
}
Event: 2.539 GC heap before
{Heap before GC invocations=32 (full 4):
 def new generation   total 4992K, used 2364K [0x05200000, 0x05760000, 0x0a750000)
  eden space 4480K,  52% used [0x05200000, 0x0544f2a0, 0x05660000)
  from space 512K,   0% used [0x05660000, 0x05660000, 0x056e0000)
  to   space 512K,   0% used [0x056e0000, 0x056e0000, 0x05760000)
 tenured generation   total 10944K, used 5565K [0x0a750000, 0x0b200000, 0x15200000)
   the space 10944K,  50% used [0x0a750000, 0x0acbf6c8, 0x0acbf800, 0x0b200000)
 Metaspace       used 7765K, capacity 7963K, committed 8064K, reserved 8576K
Event: 2.541 GC heap after
Heap after GC invocations=33 (full 4):
 def new generation   total 4992K, used 8K [0x05200000, 0x05760000, 0x0a750000)
  eden space 4480K,   0% used [0x05200000, 0x05200000, 0x05660000)
  from space 512K,   1% used [0x056e0000, 0x056e2108, 0x05760000)
  to   space 512K,   0% used [0x05660000, 0x05660000, 0x056e0000)
 tenured generation   total 10944K, used 5565K [0x0a750000, 0x0b200000, 0x15200000)
   the space 10944K,  50% used [0x0a750000, 0x0acbf6c8, 0x0acbf800, 0x0b200000)
 Metaspace       used 7765K, capacity 7963K, committed 8064K, reserved 8576K
}
Event: 2.648 GC heap before
{Heap before GC invocations=33 (full 4):
 def new generation   total 4992K, used 4488K [0x05200000, 0x05760000, 0x0a750000)
  eden space 4480K, 100% used [0x05200000, 0x05660000, 0x05660000)
  from space 512K,   1% used [0x056e0000, 0x056e2108, 0x05760000)
  to   space 512K,   0% used [0x05660000, 0x05660000, 0x056e0000)
 tenured generation   total 10944K, used 5565K [0x0a750000, 0x0b200000, 0x15200000)
   the space 10944K,  50% used [0x0a750000, 0x0acbf6c8, 0x0acbf800, 0x0b200000)
 Metaspace       used 7884K, capacity 8059K, committed 8192K, reserved 8576K
Event: 2.649 GC heap after
Heap after GC invocations=34 (full 4):
 def new generation   total 4992K, used 78K [0x05200000, 0x05760000, 0x0a750000)
  eden space 4480K,   0% used [0x05200000, 0x05200000, 0x05660000)
  from space 512K,  15% used [0x05660000, 0x05673960, 0x056e0000)
  to   space 512K,   0% used [0x056e0000, 0x056e0000, 0x05760000)
 tenured generation   total 10944K, used 5565K [0x0a750000, 0x0b200000, 0x15200000)
   the space 10944K,  50% used [0x0a750000, 0x0acbf6c8, 0x0acbf800, 0x0b200000)
 Metaspace       used 7884K, capacity 8059K, committed 8192K, reserved 8576K
}
Event: 3.842 GC heap before
{Heap before GC invocations=34 (full 4):
 def new generation   total 4992K, used 4558K [0x05200000, 0x05760000, 0x0a750000)
  eden space 4480K, 100% used [0x05200000, 0x05660000, 0x05660000)
  from space 512K,  15% used [0x05660000, 0x05673960, 0x056e0000)
  to   space 512K,   0% used [0x056e0000, 0x056e0000, 0x05760000)
 tenured generation   total 10944K, used 5565K [0x0a750000, 0x0b200000, 0x15200000)
   the space 10944K,  50% used [0x0a750000, 0x0acbf6c8, 0x0acbf800, 0x0b200000)
 Metaspace       used 8063K, capacity 8225K, committed 8320K, reserved 8576K

