# JRE version: Java(TM) SE Runtime Environment (8.0_102-b14) (build 1.8.0_102-b14)
# Java VM: Java HotSpot(TM) Client VM (25.102-b14 mixed mode, sharing windows-x86 )
Heap:
 def new generation   total 4992K, used 4558K [0x04a00000, 0x04f60000, 0x09f50000)
  eden space 4480K, 100% used [0x04a00000, 0x04e60000, 0x04e60000)
  from space 512K,  15% used [0x04e60000, 0x04e73960, 0x04ee0000)
  to   space 512K,   1% used [0x04ee0000, 0x04ee1dd0, 0x04f60000)
 tenured generation   total 10944K, used 5566K [0x09f50000, 0x0aa00000, 0x14a00000)
   the space 10944K,  50% used [0x09f50000, 0x0a4bfb10, 0x0a4bfc00, 0x0aa00000)
 Metaspace       used 4872K, capacity 6294K, committed 6400K, reserved 6528K
GC Heap History (10 events):
Event: 2.539 GC heap after
Heap after GC invocations=30 (full 3):
 def new generation   total 4992K, used 9K [0x04a00000, 0x04f60000, 0x09f50000)
  eden space 4480K,   0% used [0x04a00000, 0x04a00000, 0x04e60000)
  from space 512K,   1% used [0x04e60000, 0x04e62498, 0x04ee0000)
  to   space 512K,   0% used [0x04ee0000, 0x04ee0000, 0x04f60000)
 tenured generation   total 10944K, used 9037K [0x09f50000, 0x0aa00000, 0x14a00000)
   the space 10944K,  82% used [0x09f50000, 0x0a8236f0, 0x0a823800, 0x0aa00000)
 Metaspace       used 4677K, capacity 6099K, committed 6144K, reserved 6528K
}
Event: 2.625 GC heap before
{Heap before GC invocations=30 (full 3):
 def new generation   total 4992K, used 4193K [0x04a00000, 0x04f60000, 0x09f50000)
  eden space 4480K,  93% used [0x04a00000, 0x04e16110, 0x04e60000)
  from space 512K,   1% used [0x04e60000, 0x04e62498, 0x04ee0000)
  to   space 512K,   0% used [0x04ee0000, 0x04ee0000, 0x04f60000)
 tenured generation   total 10944K, used 9037K [0x09f50000, 0x0aa00000, 0x14a00000)
   the space 10944K,  82% used [0x09f50000, 0x0a8236f0, 0x0a823800, 0x0aa00000)
 Metaspace       used 4677K, capacity 6099K, committed 6144K, reserved 6528K
Event: 2.626 GC heap after
Heap after GC invocations=31 (full 3):
 def new generation   total 4992K, used 37K [0x04a00000, 0x04f60000, 0x09f50000)
  eden space 4480K,   0% used [0x04a00000, 0x04a00000, 0x04e60000)
  from space 512K,   7% used [0x04ee0000, 0x04ee97b0, 0x04f60000)
  to   space 512K,   0% used [0x04e60000, 0x04e60000, 0x04ee0000)
 tenured generation   total 10944K, used 9037K [0x09f50000, 0x0aa00000, 0x14a00000)
   the space 10944K,  82% used [0x09f50000, 0x0a8236f0, 0x0a823800, 0x0aa00000)
 Metaspace       used 4677K, capacity 6099K, committed 6144K, reserved 6528K
}
Event: 2.654 GC heap before
{Heap before GC invocations=31 (full 3):
 def new generation   total 4992K, used 4515K [0x04a00000, 0x04f60000, 0x09f50000)
  eden space 4480K,  99% used [0x04a00000, 0x04e5f4d8, 0x04e60000)
  from space 512K,   7% used [0x04ee0000, 0x04ee97b0, 0x04f60000)
  to   space 512K,   0% used [0x04e60000, 0x04e60000, 0x04ee0000)
 tenured generation   total 10944K, used 9037K [0x09f50000, 0x0aa00000, 0x14a00000)
   the space 10944K,  82% used [0x09f50000, 0x0a8236f0, 0x0a823800, 0x0aa00000)
 Metaspace       used 4677K, capacity 6099K, committed 6144K, reserved 6528K
Event: 2.667 GC heap after
Heap after GC invocations=32 (full 4):
 def new generation   total 4992K, used 0K [0x04a00000, 0x04f60000, 0x09f50000)
  eden space 4480K,   0% used [0x04a00000, 0x04a00000, 0x04e60000)
  from space 512K,   0% used [0x04e60000, 0x04e60000, 0x04ee0000)
  to   space 512K,   0% used [0x04ee0000, 0x04ee0000, 0x04f60000)
 tenured generation   total 10944K, used 5566K [0x09f50000, 0x0aa00000, 0x14a00000)
   the space 10944K,  50% used [0x09f50000, 0x0a4bfb10, 0x0a4bfc00, 0x0aa00000)
 Metaspace       used 4677K, capacity 6099K, committed 6144K, reserved 6528K
}
Event: 2.721 GC heap before
{Heap before GC invocations=32 (full 4):
 def new generation   total 4992K, used 2364K [0x04a00000, 0x04f60000, 0x09f50000)
  eden space 4480K,  52% used [0x04a00000, 0x04c4f2a0, 0x04e60000)
  from space 512K,   0% used [0x04e60000, 0x04e60000, 0x04ee0000)
  to   space 512K,   0% used [0x04ee0000, 0x04ee0000, 0x04f60000)
 tenured generation   total 10944K, used 5566K [0x09f50000, 0x0aa00000, 0x14a00000)
   the space 10944K,  50% used [0x09f50000, 0x0a4bfb10, 0x0a4bfc00, 0x0aa00000)
 Metaspace       used 4677K, capacity 6099K, committed 6144K, reserved 6528K
Event: 2.722 GC heap after
Heap after GC invocations=33 (full 4):
 def new generation   total 4992K, used 8K [0x04a00000, 0x04f60000, 0x09f50000)
  eden space 4480K,   0% used [0x04a00000, 0x04a00000, 0x04e60000)
  from space 512K,   1% used [0x04ee0000, 0x04ee2108, 0x04f60000)
  to   space 512K,   0% used [0x04e60000, 0x04e60000, 0x04ee0000)
 tenured generation   total 10944K, used 5566K [0x09f50000, 0x0aa00000, 0x14a00000)
   the space 10944K,  50% used [0x09f50000, 0x0a4bfb10, 0x0a4bfc00, 0x0aa00000)
 Metaspace       used 4677K, capacity 6099K, committed 6144K, reserved 6528K
}
Event: 2.835 GC heap before
{Heap before GC invocations=33 (full 4):
 def new generation   total 4992K, used 4488K [0x04a00000, 0x04f60000, 0x09f50000)
  eden space 4480K, 100% used [0x04a00000, 0x04e60000, 0x04e60000)
  from space 512K,   1% used [0x04ee0000, 0x04ee2108, 0x04f60000)
  to   space 512K,   0% used [0x04e60000, 0x04e60000, 0x04ee0000)
 tenured generation   total 10944K, used 5566K [0x09f50000, 0x0aa00000, 0x14a00000)
   the space 10944K,  50% used [0x09f50000, 0x0a4bfb10, 0x0a4bfc00, 0x0aa00000)
 Metaspace       used 4796K, capacity 6195K, committed 6272K, reserved 6528K
Event: 2.835 GC heap after
Heap after GC invocations=34 (full 4):
 def new generation   total 4992K, used 78K [0x04a00000, 0x04f60000, 0x09f50000)
  eden space 4480K,   0% used [0x04a00000, 0x04a00000, 0x04e60000)
  from space 512K,  15% used [0x04e60000, 0x04e73960, 0x04ee0000)
  to   space 512K,   0% used [0x04ee0000, 0x04ee0000, 0x04f60000)
 tenured generation   total 10944K, used 5566K [0x09f50000, 0x0aa00000, 0x14a00000)
   the space 10944K,  50% used [0x09f50000, 0x0a4bfb10, 0x0a4bfc00, 0x0aa00000)
 Metaspace       used 4796K, capacity 6195K, committed 6272K, reserved 6528K
}
Event: 4.140 GC heap before
{Heap before GC invocations=34 (full 4):
 def new generation   total 4992K, used 4558K [0x04a00000, 0x04f60000, 0x09f50000)
  eden space 4480K, 100% used [0x04a00000, 0x04e60000, 0x04e60000)
  from space 512K,  15% used [0x04e60000, 0x04e73960, 0x04ee0000)
  to   space 512K,   0% used [0x04ee0000, 0x04ee0000, 0x04f60000)
 tenured generation   total 10944K, used 5566K [0x09f50000, 0x0aa00000, 0x14a00000)
   the space 10944K,  50% used [0x09f50000, 0x0a4bfb10, 0x0a4bfc00, 0x0aa00000)
 Metaspace       used 4872K, capacity 6294K, committed 6400K, reserved 6528K

