# JRE version: Java(TM) SE Runtime Environment (8.0_102-b14) (build 1.8.0_102-b14)
# Java VM: Java HotSpot(TM) Client VM (25.102-b14 mixed mode windows-x86 )
Heap:
 def new generation   total 4992K, used 1957K [0x04e00000, 0x05360000, 0x0a350000)
  eden space 4480K,  34% used [0x04e00000, 0x04f7dfd0, 0x05260000)
  from space 512K,  83% used [0x052e0000, 0x0534b470, 0x05360000)
  to   space 512K,   0% used [0x05260000, 0x05260000, 0x052e0000)
 tenured generation   total 10944K, used 5564K [0x0a350000, 0x0ae00000, 0x14e00000)
   the space 10944K,  50% used [0x0a350000, 0x0a8bf160, 0x0a8bf200, 0x0ae00000)
 Metaspace       used 8078K, capacity 8227K, committed 8320K, reserved 8576K
GC Heap History (10 events):
Event: 2.777 GC heap before
{Heap before GC invocations=30 (full 3):
 def new generation   total 4992K, used 4193K [0x04e00000, 0x05360000, 0x0a350000)
  eden space 4480K,  93% used [0x04e00000, 0x05216110, 0x05260000)
  from space 512K,   1% used [0x05260000, 0x05262498, 0x052e0000)
  to   space 512K,   0% used [0x052e0000, 0x052e0000, 0x05360000)
 tenured generation   total 10944K, used 9036K [0x0a350000, 0x0ae00000, 0x14e00000)
   the space 10944K,  82% used [0x0a350000, 0x0ac23258, 0x0ac23400, 0x0ae00000)
 Metaspace       used 7765K, capacity 7963K, committed 8064K, reserved 8576K
Event: 2.777 GC heap after
Heap after GC invocations=31 (full 3):
 def new generation   total 4992K, used 37K [0x04e00000, 0x05360000, 0x0a350000)
  eden space 4480K,   0% used [0x04e00000, 0x04e00000, 0x05260000)
  from space 512K,   7% used [0x052e0000, 0x052e97b0, 0x05360000)
  to   space 512K,   0% used [0x05260000, 0x05260000, 0x052e0000)
 tenured generation   total 10944K, used 9036K [0x0a350000, 0x0ae00000, 0x14e00000)
   the space 10944K,  82% used [0x0a350000, 0x0ac23258, 0x0ac23400, 0x0ae00000)
 Metaspace       used 7765K, capacity 7963K, committed 8064K, reserved 8576K
}
Event: 2.810 GC heap before
{Heap before GC invocations=31 (full 3):
 def new generation   total 4992K, used 4515K [0x04e00000, 0x05360000, 0x0a350000)
  eden space 4480K,  99% used [0x04e00000, 0x0525f4d8, 0x05260000)
  from space 512K,   7% used [0x052e0000, 0x052e97b0, 0x05360000)
  to   space 512K,   0% used [0x05260000, 0x05260000, 0x052e0000)
 tenured generation   total 10944K, used 9036K [0x0a350000, 0x0ae00000, 0x14e00000)
   the space 10944K,  82% used [0x0a350000, 0x0ac23258, 0x0ac23400, 0x0ae00000)
 Metaspace       used 7765K, capacity 7963K, committed 8064K, reserved 8576K
Event: 2.824 GC heap after
Heap after GC invocations=32 (full 4):
 def new generation   total 4992K, used 0K [0x04e00000, 0x05360000, 0x0a350000)
  eden space 4480K,   0% used [0x04e00000, 0x04e00000, 0x05260000)
  from space 512K,   0% used [0x05260000, 0x05260000, 0x052e0000)
  to   space 512K,   0% used [0x052e0000, 0x052e0000, 0x05360000)
 tenured generation   total 10944K, used 5564K [0x0a350000, 0x0ae00000, 0x14e00000)
   the space 10944K,  50% used [0x0a350000, 0x0a8bf160, 0x0a8bf200, 0x0ae00000)
 Metaspace       used 7765K, capacity 7963K, committed 8064K, reserved 8576K
}
Event: 2.867 GC heap before
{Heap before GC invocations=32 (full 4):
 def new generation   total 4992K, used 2364K [0x04e00000, 0x05360000, 0x0a350000)
  eden space 4480K,  52% used [0x04e00000, 0x0504f2a0, 0x05260000)
  from space 512K,   0% used [0x05260000, 0x05260000, 0x052e0000)
  to   space 512K,   0% used [0x052e0000, 0x052e0000, 0x05360000)
 tenured generation   total 10944K, used 5564K [0x0a350000, 0x0ae00000, 0x14e00000)
   the space 10944K,  50% used [0x0a350000, 0x0a8bf160, 0x0a8bf200, 0x0ae00000)
 Metaspace       used 7765K, capacity 7963K, committed 8064K, reserved 8576K
Event: 2.867 GC heap after
Heap after GC invocations=33 (full 4):
 def new generation   total 4992K, used 8K [0x04e00000, 0x05360000, 0x0a350000)
  eden space 4480K,   0% used [0x04e00000, 0x04e00000, 0x05260000)
  from space 512K,   1% used [0x052e0000, 0x052e2108, 0x05360000)
  to   space 512K,   0% used [0x05260000, 0x05260000, 0x052e0000)
 tenured generation   total 10944K, used 5564K [0x0a350000, 0x0ae00000, 0x14e00000)
   the space 10944K,  50% used [0x0a350000, 0x0a8bf160, 0x0a8bf200, 0x0ae00000)
 Metaspace       used 7765K, capacity 7963K, committed 8064K, reserved 8576K
}
Event: 3.010 GC heap before
{Heap before GC invocations=33 (full 4):
 def new generation   total 4992K, used 4488K [0x04e00000, 0x05360000, 0x0a350000)
  eden space 4480K, 100% used [0x04e00000, 0x05260000, 0x05260000)
  from space 512K,   1% used [0x052e0000, 0x052e2108, 0x05360000)
  to   space 512K,   0% used [0x05260000, 0x05260000, 0x052e0000)
 tenured generation   total 10944K, used 5564K [0x0a350000, 0x0ae00000, 0x14e00000)
   the space 10944K,  50% used [0x0a350000, 0x0a8bf160, 0x0a8bf200, 0x0ae00000)
 Metaspace       used 7884K, capacity 8059K, committed 8192K, reserved 8576K
Event: 3.011 GC heap after
Heap after GC invocations=34 (full 4):
 def new generation   total 4992K, used 78K [0x04e00000, 0x05360000, 0x0a350000)
  eden space 4480K,   0% used [0x04e00000, 0x04e00000, 0x05260000)
  from space 512K,  15% used [0x05260000, 0x05273960, 0x052e0000)
  to   space 512K,   0% used [0x052e0000, 0x052e0000, 0x05360000)
 tenured generation   total 10944K, used 5564K [0x0a350000, 0x0ae00000, 0x14e00000)
   the space 10944K,  50% used [0x0a350000, 0x0a8bf160, 0x0a8bf200, 0x0ae00000)
 Metaspace       used 7884K, capacity 8059K, committed 8192K, reserved 8576K
}
Event: 4.200 GC heap before
{Heap before GC invocations=34 (full 4):
 def new generation   total 4992K, used 4558K [0x04e00000, 0x05360000, 0x0a350000)
  eden space 4480K, 100% used [0x04e00000, 0x05260000, 0x05260000)
  from space 512K,  15% used [0x05260000, 0x05273960, 0x052e0000)
  to   space 512K,   0% used [0x052e0000, 0x052e0000, 0x05360000)
 tenured generation   total 10944K, used 5564K [0x0a350000, 0x0ae00000, 0x14e00000)
   the space 10944K,  50% used [0x0a350000, 0x0a8bf160, 0x0a8bf200, 0x0ae00000)
 Metaspace       used 8066K, capacity 8225K, committed 8320K, reserved 8576K
Event: 4.202 GC heap after
Heap after GC invocations=35 (full 4):
 def new generation   total 4992K, used 429K [0x04e00000, 0x05360000, 0x0a350000)
  eden space 4480K,   0% used [0x04e00000, 0x04e00000, 0x05260000)
  from space 512K,  83% used [0x052e0000, 0x0534b470, 0x05360000)
  to   space 512K,   0% used [0x05260000, 0x05260000, 0x052e0000)
 tenured generation   total 10944K, used 5564K [0x0a350000, 0x0ae00000, 0x14e00000)
   the space 10944K,  50% used [0x0a350000, 0x0a8bf160, 0x0a8bf200, 0x0ae00000)
 Metaspace       used 8066K, capacity 8225K, committed 8320K, reserved 8576K
}

