# JRE version: Java(TM) SE Runtime Environment (8.0_102-b14) (build 1.8.0_102-b14)
# Java VM: Java HotSpot(TM) Client VM (25.102-b14 mixed mode, sharing windows-x86 )
Heap:
 def new generation   total 4992K, used 4558K [0x04e00000, 0x05360000, 0x0a350000)
  eden space 4480K, 100% used [0x04e00000, 0x05260000, 0x05260000)
  from space 512K,  15% used [0x05260000, 0x05273960, 0x052e0000)
  to   space 512K,   2% used [0x052e0000, 0x052e3108, 0x05360000)
 tenured generation   total 10944K, used 5565K [0x0a350000, 0x0ae00000, 0x14e00000)
   the space 10944K,  50% used [0x0a350000, 0x0a8bf560, 0x0a8bf600, 0x0ae00000)
 Metaspace       used 4936K, capacity 6329K, committed 6400K, reserved 6528K
GC Heap History (10 events):
Event: 2.638 GC heap after
Heap after GC invocations=30 (full 3):
 def new generation   total 4992K, used 9K [0x04e00000, 0x05360000, 0x0a350000)
  eden space 4480K,   0% used [0x04e00000, 0x04e00000, 0x05260000)
  from space 512K,   1% used [0x05260000, 0x05262498, 0x052e0000)
  to   space 512K,   0% used [0x052e0000, 0x052e0000, 0x05360000)
 tenured generation   total 10944K, used 9037K [0x0a350000, 0x0ae00000, 0x14e00000)
   the space 10944K,  82% used [0x0a350000, 0x0ac237d8, 0x0ac23800, 0x0ae00000)
 Metaspace       used 4677K, capacity 6099K, committed 6144K, reserved 6528K
}
Event: 2.743 GC heap before
{Heap before GC invocations=30 (full 3):
 def new generation   total 4992K, used 4193K [0x04e00000, 0x05360000, 0x0a350000)
  eden space 4480K,  93% used [0x04e00000, 0x05215fd8, 0x05260000)
  from space 512K,   1% used [0x05260000, 0x05262498, 0x052e0000)
  to   space 512K,   0% used [0x052e0000, 0x052e0000, 0x05360000)
 tenured generation   total 10944K, used 9037K [0x0a350000, 0x0ae00000, 0x14e00000)
   the space 10944K,  82% used [0x0a350000, 0x0ac237d8, 0x0ac23800, 0x0ae00000)
 Metaspace       used 4677K, capacity 6099K, committed 6144K, reserved 6528K
Event: 2.744 GC heap after
Heap after GC invocations=31 (full 3):
 def new generation   total 4992K, used 37K [0x04e00000, 0x05360000, 0x0a350000)
  eden space 4480K,   0% used [0x04e00000, 0x04e00000, 0x05260000)
  from space 512K,   7% used [0x052e0000, 0x052e97b0, 0x05360000)
  to   space 512K,   0% used [0x05260000, 0x05260000, 0x052e0000)
 tenured generation   total 10944K, used 9037K [0x0a350000, 0x0ae00000, 0x14e00000)
   the space 10944K,  82% used [0x0a350000, 0x0ac237d8, 0x0ac23800, 0x0ae00000)
 Metaspace       used 4677K, capacity 6099K, committed 6144K, reserved 6528K
}
Event: 2.776 GC heap before
{Heap before GC invocations=31 (full 3):
 def new generation   total 4992K, used 4517K [0x04e00000, 0x05360000, 0x0a350000)
  eden space 4480K, 100% used [0x04e00000, 0x05260000, 0x05260000)
  from space 512K,   7% used [0x052e0000, 0x052e97b0, 0x05360000)
  to   space 512K,   0% used [0x05260000, 0x05260000, 0x052e0000)
 tenured generation   total 10944K, used 9037K [0x0a350000, 0x0ae00000, 0x14e00000)
   the space 10944K,  82% used [0x0a350000, 0x0ac237d8, 0x0ac23800, 0x0ae00000)
 Metaspace       used 4677K, capacity 6099K, committed 6144K, reserved 6528K
Event: 2.790 GC heap after
Heap after GC invocations=32 (full 4):
 def new generation   total 4992K, used 0K [0x04e00000, 0x05360000, 0x0a350000)
  eden space 4480K,   0% used [0x04e00000, 0x04e00000, 0x05260000)
  from space 512K,   0% used [0x05260000, 0x05260000, 0x052e0000)
  to   space 512K,   0% used [0x052e0000, 0x052e0000, 0x05360000)
 tenured generation   total 10944K, used 5565K [0x0a350000, 0x0ae00000, 0x14e00000)
   the space 10944K,  50% used [0x0a350000, 0x0a8bf560, 0x0a8bf600, 0x0ae00000)
 Metaspace       used 4677K, capacity 6099K, committed 6144K, reserved 6528K
}
Event: 2.835 GC heap before
{Heap before GC invocations=32 (full 4):
 def new generation   total 4992K, used 2413K [0x04e00000, 0x05360000, 0x0a350000)
  eden space 4480K,  53% used [0x04e00000, 0x0505b580, 0x05260000)
  from space 512K,   0% used [0x05260000, 0x05260000, 0x052e0000)
  to   space 512K,   0% used [0x052e0000, 0x052e0000, 0x05360000)
 tenured generation   total 10944K, used 5565K [0x0a350000, 0x0ae00000, 0x14e00000)
   the space 10944K,  50% used [0x0a350000, 0x0a8bf560, 0x0a8bf600, 0x0ae00000)
 Metaspace       used 4677K, capacity 6099K, committed 6144K, reserved 6528K
Event: 2.835 GC heap after
Heap after GC invocations=33 (full 4):
 def new generation   total 4992K, used 8K [0x04e00000, 0x05360000, 0x0a350000)
  eden space 4480K,   0% used [0x04e00000, 0x04e00000, 0x05260000)
  from space 512K,   1% used [0x052e0000, 0x052e2108, 0x05360000)
  to   space 512K,   0% used [0x05260000, 0x05260000, 0x052e0000)
 tenured generation   total 10944K, used 5565K [0x0a350000, 0x0ae00000, 0x14e00000)
   the space 10944K,  50% used [0x0a350000, 0x0a8bf560, 0x0a8bf600, 0x0ae00000)
 Metaspace       used 4677K, capacity 6099K, committed 6144K, reserved 6528K
}
Event: 2.986 GC heap before
{Heap before GC invocations=33 (full 4):
 def new generation   total 4992K, used 4488K [0x04e00000, 0x05360000, 0x0a350000)
  eden space 4480K, 100% used [0x04e00000, 0x05260000, 0x05260000)
  from space 512K,   1% used [0x052e0000, 0x052e2108, 0x05360000)
  to   space 512K,   0% used [0x05260000, 0x05260000, 0x052e0000)
 tenured generation   total 10944K, used 5565K [0x0a350000, 0x0ae00000, 0x14e00000)
   the space 10944K,  50% used [0x0a350000, 0x0a8bf560, 0x0a8bf600, 0x0ae00000)
 Metaspace       used 4796K, capacity 6195K, committed 6272K, reserved 6528K
Event: 2.986 GC heap after
Heap after GC invocations=34 (full 4):
 def new generation   total 4992K, used 78K [0x04e00000, 0x05360000, 0x0a350000)
  eden space 4480K,   0% used [0x04e00000, 0x04e00000, 0x05260000)
  from space 512K,  15% used [0x05260000, 0x05273960, 0x052e0000)
  to   space 512K,   0% used [0x052e0000, 0x052e0000, 0x05360000)
 tenured generation   total 10944K, used 5565K [0x0a350000, 0x0ae00000, 0x14e00000)
   the space 10944K,  50% used [0x0a350000, 0x0a8bf560, 0x0a8bf600, 0x0ae00000)
 Metaspace       used 4796K, capacity 6195K, committed 6272K, reserved 6528K
}
Event: 4.229 GC heap before
{Heap before GC invocations=34 (full 4):
 def new generation   total 4992K, used 4558K [0x04e00000, 0x05360000, 0x0a350000)
  eden space 4480K, 100% used [0x04e00000, 0x05260000, 0x05260000)
  from space 512K,  15% used [0x05260000, 0x05273960, 0x052e0000)
  to   space 512K,   0% used [0x052e0000, 0x052e0000, 0x05360000)
 tenured generation   total 10944K, used 5565K [0x0a350000, 0x0ae00000, 0x14e00000)
   the space 10944K,  50% used [0x0a350000, 0x0a8bf560, 0x0a8bf600, 0x0ae00000)
 Metaspace       used 4936K, capacity 6329K, committed 6400K, reserved 6528K

