# JRE version: Java(TM) SE Runtime Environment (8.0_102-b14) (build 1.8.0_102-b14)
# Java VM: Java HotSpot(TM) Client VM (25.102-b14 mixed mode, sharing windows-x86 )
Heap:
 def new generation   total 4992K, used 3648K [0x04600000, 0x04b60000, 0x09b50000)
  eden space 4480K,  79% used [0x04600000, 0x0497cbe0, 0x04a60000)
  from space 512K,  15% used [0x04a60000, 0x04a73768, 0x04ae0000)
  to   space 512K,   0% used [0x04ae0000, 0x04ae0000, 0x04b60000)
 tenured generation   total 10944K, used 5565K [0x09b50000, 0x0a600000, 0x14600000)
   the space 10944K,  50% used [0x09b50000, 0x0a0bf520, 0x0a0bf600, 0x0a600000)
 Metaspace       used 4923K, capacity 6329K, committed 6400K, reserved 6528K
GC Heap History (10 events):
Event: 2.392 GC heap before
{Heap before GC invocations=29 (full 3):
 def new generation   total 4992K, used 2350K [0x04600000, 0x04b60000, 0x09b50000)
  eden space 4480K,  51% used [0x04600000, 0x0483fc00, 0x04a60000)
  from space 512K,   9% used [0x04ae0000, 0x04aebcb0, 0x04b60000)
  to   space 512K,   0% used [0x04a60000, 0x04a60000, 0x04ae0000)
 tenured generation   total 10944K, used 9037K [0x09b50000, 0x0a600000, 0x14600000)
   the space 10944K,  82% used [0x09b50000, 0x0a423668, 0x0a423800, 0x0a600000)
 Metaspace       used 4677K, capacity 6099K, committed 6144K, reserved 6528K
Event: 2.393 GC heap after
Heap after GC invocations=30 (full 3):
 def new generation   total 4992K, used 9K [0x04600000, 0x04b60000, 0x09b50000)
  eden space 4480K,   0% used [0x04600000, 0x04600000, 0x04a60000)
  from space 512K,   1% used [0x04a60000, 0x04a62498, 0x04ae0000)
  to   space 512K,   0% used [0x04ae0000, 0x04ae0000, 0x04b60000)
 tenured generation   total 10944K, used 9037K [0x09b50000, 0x0a600000, 0x14600000)
   the space 10944K,  82% used [0x09b50000, 0x0a423668, 0x0a423800, 0x0a600000)
 Metaspace       used 4677K, capacity 6099K, committed 6144K, reserved 6528K
}
Event: 2.511 GC heap before
{Heap before GC invocations=30 (full 3):
 def new generation   total 4992K, used 4192K [0x04600000, 0x04b60000, 0x09b50000)
  eden space 4480K,  93% used [0x04600000, 0x04a15e88, 0x04a60000)
  from space 512K,   1% used [0x04a60000, 0x04a62498, 0x04ae0000)
  to   space 512K,   0% used [0x04ae0000, 0x04ae0000, 0x04b60000)
 tenured generation   total 10944K, used 9037K [0x09b50000, 0x0a600000, 0x14600000)
   the space 10944K,  82% used [0x09b50000, 0x0a423668, 0x0a423800, 0x0a600000)
 Metaspace       used 4677K, capacity 6099K, committed 6144K, reserved 6528K
Event: 2.512 GC heap after
Heap after GC invocations=31 (full 3):
 def new generation   total 4992K, used 37K [0x04600000, 0x04b60000, 0x09b50000)
  eden space 4480K,   0% used [0x04600000, 0x04600000, 0x04a60000)
  from space 512K,   7% used [0x04ae0000, 0x04ae97b0, 0x04b60000)
  to   space 512K,   0% used [0x04a60000, 0x04a60000, 0x04ae0000)
 tenured generation   total 10944K, used 9037K [0x09b50000, 0x0a600000, 0x14600000)
   the space 10944K,  82% used [0x09b50000, 0x0a423668, 0x0a423800, 0x0a600000)
 Metaspace       used 4677K, capacity 6099K, committed 6144K, reserved 6528K
}
Event: 2.541 GC heap before
{Heap before GC invocations=31 (full 3):
 def new generation   total 4992K, used 4517K [0x04600000, 0x04b60000, 0x09b50000)
  eden space 4480K, 100% used [0x04600000, 0x04a60000, 0x04a60000)
  from space 512K,   7% used [0x04ae0000, 0x04ae97b0, 0x04b60000)
  to   space 512K,   0% used [0x04a60000, 0x04a60000, 0x04ae0000)
 tenured generation   total 10944K, used 9037K [0x09b50000, 0x0a600000, 0x14600000)
   the space 10944K,  82% used [0x09b50000, 0x0a423668, 0x0a423800, 0x0a600000)
 Metaspace       used 4677K, capacity 6099K, committed 6144K, reserved 6528K
Event: 2.551 GC heap after
Heap after GC invocations=32 (full 4):
 def new generation   total 4992K, used 0K [0x04600000, 0x04b60000, 0x09b50000)
  eden space 4480K,   0% used [0x04600000, 0x04600000, 0x04a60000)
  from space 512K,   0% used [0x04a60000, 0x04a60000, 0x04ae0000)
  to   space 512K,   0% used [0x04ae0000, 0x04ae0000, 0x04b60000)
 tenured generation   total 10944K, used 5565K [0x09b50000, 0x0a600000, 0x14600000)
   the space 10944K,  50% used [0x09b50000, 0x0a0bf520, 0x0a0bf600, 0x0a600000)
 Metaspace       used 4677K, capacity 6099K, committed 6144K, reserved 6528K
}
Event: 2.588 GC heap before
{Heap before GC invocations=32 (full 4):
 def new generation   total 4992K, used 2365K [0x04600000, 0x04b60000, 0x09b50000)
  eden space 4480K,  52% used [0x04600000, 0x0484f6d8, 0x04a60000)
  from space 512K,   0% used [0x04a60000, 0x04a60000, 0x04ae0000)
  to   space 512K,   0% used [0x04ae0000, 0x04ae0000, 0x04b60000)
 tenured generation   total 10944K, used 5565K [0x09b50000, 0x0a600000, 0x14600000)
   the space 10944K,  50% used [0x09b50000, 0x0a0bf520, 0x0a0bf600, 0x0a600000)
 Metaspace       used 4677K, capacity 6099K, committed 6144K, reserved 6528K
Event: 2.588 GC heap after
Heap after GC invocations=33 (full 4):
 def new generation   total 4992K, used 8K [0x04600000, 0x04b60000, 0x09b50000)
  eden space 4480K,   0% used [0x04600000, 0x04600000, 0x04a60000)
  from space 512K,   1% used [0x04ae0000, 0x04ae2108, 0x04b60000)
  to   space 512K,   0% used [0x04a60000, 0x04a60000, 0x04ae0000)
 tenured generation   total 10944K, used 5565K [0x09b50000, 0x0a600000, 0x14600000)
   the space 10944K,  50% used [0x09b50000, 0x0a0bf520, 0x0a0bf600, 0x0a600000)
 Metaspace       used 4677K, capacity 6099K, committed 6144K, reserved 6528K
}
Event: 2.722 GC heap before
{Heap before GC invocations=33 (full 4):
 def new generation   total 4992K, used 4488K [0x04600000, 0x04b60000, 0x09b50000)
  eden space 4480K, 100% used [0x04600000, 0x04a60000, 0x04a60000)
  from space 512K,   1% used [0x04ae0000, 0x04ae2108, 0x04b60000)
  to   space 512K,   0% used [0x04a60000, 0x04a60000, 0x04ae0000)
 tenured generation   total 10944K, used 5565K [0x09b50000, 0x0a600000, 0x14600000)
   the space 10944K,  50% used [0x09b50000, 0x0a0bf520, 0x0a0bf600, 0x0a600000)
 Metaspace       used 4796K, capacity 6195K, committed 6272K, reserved 6528K
Event: 2.723 GC heap after
Heap after GC invocations=34 (full 4):
 def new generation   total 4992K, used 77K [0x04600000, 0x04b60000, 0x09b50000)
  eden space 4480K,   0% used [0x04600000, 0x04600000, 0x04a60000)
  from space 512K,  15% used [0x04a60000, 0x04a73768, 0x04ae0000)
  to   space 512K,   0% used [0x04ae0000, 0x04ae0000, 0x04b60000)
 tenured generation   total 10944K, used 5565K [0x09b50000, 0x0a600000, 0x14600000)
   the space 10944K,  50% used [0x09b50000, 0x0a0bf520, 0x0a0bf600, 0x0a600000)
 Metaspace       used 4796K, capacity 6195K, committed 6272K, reserved 6528K
}

